TN:
SF:src/server.ts
FN:36,(anonymous_1)
FN:50,(anonymous_2)
FN:61,(anonymous_3)
FNF:3
FNH:1
FNDA:0,(anonymous_1)
FNDA:1,(anonymous_2)
FNDA:0,(anonymous_3)
DA:5,2
DA:6,2
DA:7,2
DA:8,2
DA:9,2
DA:10,2
DA:11,2
DA:13,2
DA:14,2
DA:15,2
DA:17,2
DA:19,2
DA:20,2
DA:22,2
DA:23,2
DA:24,2
DA:27,2
DA:33,2
DA:36,2
DA:37,0
DA:38,0
DA:42,2
DA:43,2
DA:44,2
DA:45,2
DA:46,2
DA:47,2
DA:50,2
DA:51,1
DA:60,2
DA:61,0
DA:62,0
DA:66,2
LF:33
LH:29
BRDA:60,0,0,0
BRF:1
BRH:0
end_of_record
TN:
SF:src/config/firebase.ts
FN:5,(anonymous_1)
FN:13,(anonymous_2)
FNF:2
FNH:0
FNDA:0,(anonymous_1)
FNDA:0,(anonymous_2)
DA:1,1
DA:3,1
DA:5,1
DA:6,0
DA:7,0
DA:13,1
DA:14,0
LF:7
LH:4
BRDA:6,0,0,0
BRF:1
BRH:0
end_of_record
TN:
SF:src/config/prismaClient.ts
FNF:0
FNH:0
DA:1,1
DA:2,1
LF:2
LH:2
BRF:0
BRH:0
end_of_record
TN:
SF:src/controllers/adminAuth-controller.ts
FN:14,(anonymous_8)
FN:14,(anonymous_9)
FN:59,(anonymous_10)
FN:59,(anonymous_11)
FN:81,(anonymous_12)
FN:81,(anonymous_13)
FNF:6
FNH:2
FNDA:1,(anonymous_8)
FNDA:1,(anonymous_9)
FNDA:0,(anonymous_10)
FNDA:0,(anonymous_11)
FNDA:0,(anonymous_12)
FNDA:0,(anonymous_13)
DA:2,2
DA:11,2
DA:14,2
DA:16,1
DA:17,1
DA:19,1
DA:20,0
DA:23,1
DA:28,1
DA:29,1
DA:30,0
DA:33,1
DA:38,1
DA:45,1
DA:54,0
DA:55,0
DA:59,2
DA:61,0
DA:62,0
DA:64,0
DA:69,0
DA:76,0
DA:77,0
DA:81,2
DA:82,0
DA:83,0
DA:90,0
DA:92,0
DA:93,0
LF:29
LH:14
BRDA:19,0,0,0
BRDA:19,1,0,1
BRDA:19,1,1,1
BRDA:28,2,0,0
BRDA:28,2,1,1
BRDA:28,3,0,1
BRDA:28,3,1,1
BRDA:29,4,0,0
BRF:8
BRH:5
end_of_record
TN:
SF:src/controllers/articles-controller.ts
FN:13,(anonymous_7)
FN:13,(anonymous_8)
FN:50,(anonymous_9)
FN:50,(anonymous_10)
FN:62,(anonymous_11)
FN:62,(anonymous_12)
FN:78,(anonymous_13)
FN:78,(anonymous_14)
FN:136,(anonymous_15)
FN:136,(anonymous_16)
FN:176,(anonymous_17)
FN:176,(anonymous_18)
FN:211,(anonymous_19)
FN:211,(anonymous_20)
FN:247,(anonymous_21)
FN:247,(anonymous_22)
FN:263,(anonymous_23)
FN:263,(anonymous_24)
FN:301,(anonymous_25)
FN:301,(anonymous_26)
FN:337,(anonymous_27)
FN:337,(anonymous_28)
FN:373,(anonymous_29)
FN:373,(anonymous_30)
FN:389,(anonymous_31)
FN:389,(anonymous_32)
FN:415,(anonymous_33)
FN:415,(anonymous_34)
FNF:28
FNH:0
FNDA:0,(anonymous_7)
FNDA:0,(anonymous_8)
FNDA:0,(anonymous_9)
FNDA:0,(anonymous_10)
FNDA:0,(anonymous_11)
FNDA:0,(anonymous_12)
FNDA:0,(anonymous_13)
FNDA:0,(anonymous_14)
FNDA:0,(anonymous_15)
FNDA:0,(anonymous_16)
FNDA:0,(anonymous_17)
FNDA:0,(anonymous_18)
FNDA:0,(anonymous_19)
FNDA:0,(anonymous_20)
FNDA:0,(anonymous_21)
FNDA:0,(anonymous_22)
FNDA:0,(anonymous_23)
FNDA:0,(anonymous_24)
FNDA:0,(anonymous_25)
FNDA:0,(anonymous_26)
FNDA:0,(anonymous_27)
FNDA:0,(anonymous_28)
FNDA:0,(anonymous_29)
FNDA:0,(anonymous_30)
FNDA:0,(anonymous_31)
FNDA:0,(anonymous_32)
FNDA:0,(anonymous_33)
FNDA:0,(anonymous_34)
DA:2,2
DA:13,2
DA:14,0
DA:17,0
DA:25,0
DA:26,0
DA:28,0
DA:29,0
DA:30,0
DA:32,0
DA:50,2
DA:51,0
DA:52,0
DA:54,0
DA:56,0
DA:57,0
DA:62,2
DA:63,0
DA:64,0
DA:65,0
DA:68,0
DA:69,0
DA:71,0
DA:72,0
DA:78,2
DA:79,0
DA:113,0
DA:126,0
DA:127,0
DA:128,0
DA:130,0
DA:131,0
DA:136,2
DA:137,0
DA:138,0
DA:154,0
DA:163,0
DA:164,0
DA:166,0
DA:167,0
DA:168,0
DA:176,2
DA:177,0
DA:178,0
DA:184,0
DA:193,0
DA:194,0
DA:195,0
DA:198,0
DA:200,0
DA:201,0
DA:203,0
DA:204,0
DA:206,0
DA:211,2
DA:212,0
DA:214,0
DA:216,0
DA:217,0
DA:219,0
DA:224,0
DA:237,0
DA:239,0
DA:240,0
DA:242,0
DA:247,2
DA:248,0
DA:249,0
DA:250,0
DA:256,0
DA:258,0
DA:263,2
DA:264,0
DA:265,0
DA:271,0
DA:273,0
DA:275,0
DA:276,0
DA:277,0
DA:278,0
DA:279,0
DA:280,0
DA:281,0
DA:282,0
DA:283,0
DA:288,0
DA:293,0
DA:295,0
DA:296,0
DA:301,2
DA:302,0
DA:303,0
DA:308,0
DA:310,0
DA:325,0
DA:326,0
DA:328,0
DA:329,0
DA:330,0
DA:332,0
DA:337,2
DA:338,0
DA:339,0
DA:340,0
DA:342,0
DA:343,0
DA:344,0
DA:347,0
DA:351,0
DA:352,0
DA:353,0
DA:357,0
DA:364,0
DA:365,0
DA:367,0
DA:368,0
DA:373,2
DA:374,0
DA:375,0
DA:377,0
DA:381,0
DA:383,0
DA:384,0
DA:389,2
DA:390,0
DA:391,0
DA:393,0
DA:396,0
DA:397,0
DA:398,0
DA:401,0
DA:407,0
DA:409,0
DA:410,0
DA:415,2
DA:416,0
DA:417,0
DA:419,0
DA:423,0
DA:424,0
DA:425,0
DA:428,0
DA:435,0
DA:436,0
DA:437,0
DA:440,0
DA:447,0
DA:451,0
DA:453,0
DA:455,0
DA:456,0
LF:151
LH:15
BRDA:193,0,0,0
BRDA:228,1,0,0
BRDA:228,1,1,0
BRDA:228,2,0,0
BRDA:228,2,1,0
BRDA:229,3,0,0
BRDA:229,3,1,0
BRDA:275,4,0,0
BRDA:276,5,0,0
BRDA:277,6,0,0
BRDA:278,7,0,0
BRDA:279,8,0,0
BRDA:280,9,0,0
BRDA:281,10,0,0
BRDA:282,11,0,0
BRDA:283,12,0,0
BRDA:342,13,0,0
BRDA:342,14,0,0
BRDA:342,14,1,0
BRDA:351,15,0,0
BRDA:396,16,0,0
BRDA:396,17,0,0
BRDA:396,17,1,0
BRDA:423,18,0,0
BRDA:423,18,1,0
BRDA:423,19,0,0
BRDA:423,19,1,0
BRDA:423,20,0,0
BRDA:423,20,1,0
BRDA:435,21,0,0
BRF:30
BRH:0
end_of_record
TN:
SF:src/controllers/events-controller.ts
FN:23,(anonymous_7)
FN:23,(anonymous_8)
FN:47,(anonymous_9)
FN:47,(anonymous_10)
FN:70,(anonymous_11)
FN:70,(anonymous_12)
FN:95,(anonymous_13)
FN:95,(anonymous_14)
FN:123,(anonymous_15)
FN:123,(anonymous_16)
FN:147,(anonymous_17)
FN:147,(anonymous_18)
FN:190,(anonymous_19)
FN:190,(anonymous_20)
FN:249,(anonymous_21)
FN:249,(anonymous_22)
FN:283,(anonymous_23)
FN:283,(anonymous_24)
FN:313,(anonymous_25)
FN:313,(anonymous_26)
FN:335,(anonymous_27)
FN:335,(anonymous_28)
FNF:22
FNH:0
FNDA:0,(anonymous_7)
FNDA:0,(anonymous_8)
FNDA:0,(anonymous_9)
FNDA:0,(anonymous_10)
FNDA:0,(anonymous_11)
FNDA:0,(anonymous_12)
FNDA:0,(anonymous_13)
FNDA:0,(anonymous_14)
FNDA:0,(anonymous_15)
FNDA:0,(anonymous_16)
FNDA:0,(anonymous_17)
FNDA:0,(anonymous_18)
FNDA:0,(anonymous_19)
FNDA:0,(anonymous_20)
FNDA:0,(anonymous_21)
FNDA:0,(anonymous_22)
FNDA:0,(anonymous_23)
FNDA:0,(anonymous_24)
FNDA:0,(anonymous_25)
FNDA:0,(anonymous_26)
FNDA:0,(anonymous_27)
FNDA:0,(anonymous_28)
DA:3,2
DA:23,2
DA:24,0
DA:25,0
DA:27,0
DA:28,0
DA:29,0
DA:32,0
DA:33,0
DA:34,0
DA:37,0
DA:39,0
DA:40,0
DA:42,0
DA:47,2
DA:48,0
DA:49,0
DA:50,0
DA:54,0
DA:55,0
DA:56,0
DA:59,0
DA:60,0
DA:63,0
DA:64,0
DA:65,0
DA:70,2
DA:71,0
DA:72,0
DA:74,0
DA:81,0
DA:82,0
DA:83,0
DA:86,0
DA:88,0
DA:89,0
DA:90,0
DA:95,2
DA:96,0
DA:98,0
DA:100,0
DA:101,0
DA:102,0
DA:105,0
DA:109,0
DA:110,0
DA:111,0
DA:114,0
DA:116,0
DA:117,0
DA:118,0
DA:123,2
DA:124,0
DA:125,0
DA:127,0
DA:134,0
DA:135,0
DA:136,0
DA:139,0
DA:141,0
DA:142,0
DA:147,2
DA:148,0
DA:151,0
DA:153,0
DA:154,0
DA:156,0
DA:169,0
DA:181,0
DA:183,0
DA:184,0
DA:185,0
DA:190,2
DA:191,0
DA:192,0
DA:195,0
DA:199,0
DA:200,0
DA:201,0
DA:204,0
DA:212,0
DA:213,0
DA:214,0
DA:217,0
DA:218,0
DA:219,0
DA:222,0
DA:231,0
DA:240,0
DA:242,0
DA:243,0
DA:244,0
DA:249,2
DA:250,0
DA:251,0
DA:254,0
DA:256,0
DA:258,0
DA:259,0
DA:260,0
DA:261,0
DA:262,0
DA:263,0
DA:264,0
DA:265,0
DA:269,0
DA:274,0
DA:276,0
DA:277,0
DA:278,0
DA:283,2
DA:284,0
DA:285,0
DA:288,0
DA:290,0
DA:304,0
DA:306,0
DA:307,0
DA:308,0
DA:313,2
DA:314,0
DA:315,0
DA:317,0
DA:321,0
DA:322,0
DA:323,0
DA:326,0
DA:328,0
DA:329,0
DA:330,0
DA:335,2
DA:336,0
DA:337,0
DA:339,0
DA:343,0
DA:344,0
DA:345,0
DA:348,0
DA:353,0
DA:360,0
DA:361,0
DA:362,0
DA:365,0
DA:372,0
DA:374,0
DA:375,0
DA:376,0
LF:147
LH:12
BRDA:27,0,0,0
BRDA:32,1,0,0
BRDA:54,2,0,0
BRDA:81,3,0,0
BRDA:100,4,0,0
BRDA:109,5,0,0
BRDA:134,6,0,0
BRDA:165,7,0,0
BRDA:165,7,1,0
BRDA:199,8,0,0
BRDA:212,9,0,0
BRDA:217,10,0,0
BRDA:258,11,0,0
BRDA:259,12,0,0
BRDA:260,13,0,0
BRDA:261,14,0,0
BRDA:262,15,0,0
BRDA:263,16,0,0
BRDA:264,17,0,0
BRDA:265,18,0,0
BRDA:265,19,0,0
BRDA:265,19,1,0
BRDA:321,20,0,0
BRDA:343,21,0,0
BRDA:360,22,0,0
BRDA:360,23,0,0
BRDA:360,23,1,0
BRF:27
BRH:0
end_of_record
TN:
SF:src/controllers/programs-controller.ts
FN:5,(anonymous_7)
FN:5,(anonymous_8)
FN:29,(anonymous_9)
FN:29,(anonymous_10)
FNF:4
FNH:0
FNDA:0,(anonymous_7)
FNDA:0,(anonymous_8)
FNDA:0,(anonymous_9)
FNDA:0,(anonymous_10)
DA:2,2
DA:5,2
DA:6,0
DA:7,0
DA:9,0
DA:10,0
DA:11,0
DA:14,0
DA:15,0
DA:16,0
DA:19,0
DA:21,0
DA:22,0
DA:24,0
DA:29,2
DA:30,0
DA:31,0
DA:32,0
DA:36,0
DA:37,0
DA:38,0
DA:41,0
DA:42,0
DA:45,0
DA:46,0
DA:47,0
LF:26
LH:3
BRDA:9,0,0,0
BRDA:14,1,0,0
BRDA:36,2,0,0
BRF:3
BRH:0
end_of_record
TN:
SF:src/controllers/user-controller.ts
FN:18,(anonymous_7)
FN:18,(anonymous_8)
FN:33,(anonymous_9)
FN:33,(anonymous_10)
FN:78,(anonymous_11)
FN:78,(anonymous_12)
FN:131,(anonymous_13)
FN:131,(anonymous_14)
FN:195,(anonymous_15)
FN:195,(anonymous_16)
FN:252,(anonymous_17)
FN:252,(anonymous_18)
FNF:12
FNH:0
FNDA:0,(anonymous_7)
FNDA:0,(anonymous_8)
FNDA:0,(anonymous_9)
FNDA:0,(anonymous_10)
FNDA:0,(anonymous_11)
FNDA:0,(anonymous_12)
FNDA:0,(anonymous_13)
FNDA:0,(anonymous_14)
FNDA:0,(anonymous_15)
FNDA:0,(anonymous_16)
FNDA:0,(anonymous_17)
FNDA:0,(anonymous_18)
DA:2,2
DA:18,2
DA:20,0
DA:21,0
DA:22,0
DA:24,0
DA:25,0
DA:27,0
DA:33,2
DA:35,0
DA:36,0
DA:39,0
DA:40,0
DA:41,0
DA:44,0
DA:61,0
DA:62,0
DA:63,0
DA:66,0
DA:67,0
DA:69,0
DA:70,0
DA:71,0
DA:73,0
DA:78,2
DA:79,0
DA:81,0
DA:83,0
DA:87,0
DA:88,0
DA:89,0
DA:92,0
DA:93,0
DA:97,0
DA:98,0
DA:99,0
DA:102,0
DA:104,0
DA:105,0
DA:106,0
DA:107,0
DA:111,0
DA:112,0
DA:113,0
DA:116,0
DA:118,0
DA:119,0
DA:122,0
DA:123,0
DA:125,0
DA:126,0
DA:131,2
DA:132,0
DA:134,0
DA:136,0
DA:148,0
DA:149,0
DA:151,0
DA:162,0
DA:163,0
DA:165,0
DA:174,0
DA:175,0
DA:177,0
DA:185,0
DA:187,0
DA:188,0
DA:190,0
DA:195,2
DA:196,0
DA:197,0
DA:199,0
DA:200,0
DA:201,0
DA:204,0
DA:206,0
DA:217,0
DA:218,0
DA:220,0
DA:229,0
DA:230,0
DA:232,0
DA:242,0
DA:244,0
DA:246,0
DA:252,2
DA:253,0
DA:254,0
DA:256,0
DA:257,0
DA:258,0
DA:261,0
DA:265,0
DA:267,0
DA:268,0
DA:270,0
LF:96
LH:7
BRDA:39,0,0,0
BRDA:61,1,0,0
BRDA:87,2,0,0
BRDA:92,3,0,0
BRDA:92,3,1,0
BRDA:97,4,0,0
BRDA:106,5,0,0
BRDA:111,6,0,0
BRDA:144,7,0,0
BRDA:144,7,1,0
BRDA:148,8,0,0
BRDA:148,8,1,0
BRDA:162,9,0,0
BRDA:162,9,1,0
BRDA:170,10,0,0
BRDA:170,10,1,0
BRDA:171,11,0,0
BRDA:171,11,1,0
BRDA:174,12,0,0
BRDA:199,13,0,0
BRDA:217,14,0,0
BRDA:217,14,1,0
BRDA:229,15,0,0
BRDA:237,16,0,0
BRDA:237,16,1,0
BRDA:256,17,0,0
BRF:26
BRH:0
end_of_record
TN:
SF:src/controllers/userAuth-controller.ts
FN:14,(anonymous_8)
FN:14,(anonymous_9)
FN:23,(anonymous_10)
FN:75,(anonymous_11)
FN:75,(anonymous_12)
FN:84,(anonymous_13)
FN:113,(anonymous_14)
FN:113,(anonymous_15)
FNF:8
FNH:0
FNDA:0,(anonymous_8)
FNDA:0,(anonymous_9)
FNDA:0,(anonymous_10)
FNDA:0,(anonymous_11)
FNDA:0,(anonymous_12)
FNDA:0,(anonymous_13)
FNDA:0,(anonymous_14)
FNDA:0,(anonymous_15)
DA:2,2
DA:11,2
DA:14,2
DA:16,0
DA:17,0
DA:19,0
DA:20,0
DA:23,0
DA:24,0
DA:25,0
DA:27,0
DA:29,0
DA:30,0
DA:31,0
DA:34,0
DA:38,0
DA:42,0
DA:43,0
DA:44,0
DA:47,0
DA:52,0
DA:59,0
DA:68,0
DA:69,0
DA:75,2
DA:77,0
DA:78,0
DA:80,0
DA:81,0
DA:84,0
DA:85,0
DA:86,0
DA:88,0
DA:90,0
DA:91,0
DA:92,0
DA:95,0
DA:99,0
DA:101,0
DA:108,0
DA:109,0
DA:113,2
DA:114,0
DA:115,0
DA:122,0
DA:124,0
DA:125,0
LF:47
LH:5
BRDA:19,0,0,0
BRDA:24,1,0,0
BRDA:24,1,1,0
BRDA:24,2,0,0
BRDA:24,2,1,0
BRDA:24,3,0,0
BRDA:24,3,1,0
BRDA:29,4,0,0
BRDA:29,4,1,0
BRDA:29,5,0,0
BRDA:29,5,1,0
BRDA:29,6,0,0
BRDA:29,6,1,0
BRDA:42,7,0,0
BRDA:42,7,1,0
BRDA:42,8,0,0
BRDA:42,8,1,0
BRDA:43,9,0,0
BRDA:80,10,0,0
BRDA:85,11,0,0
BRDA:85,11,1,0
BRDA:85,12,0,0
BRDA:85,12,1,0
BRDA:85,13,0,0
BRDA:85,13,1,0
BRDA:90,14,0,0
BRDA:90,14,1,0
BRDA:90,15,0,0
BRDA:90,15,1,0
BRDA:90,16,0,0
BRDA:90,16,1,0
BRF:31
BRH:0
end_of_record
TN:
SF:src/middleware/adminAuth-middleware.ts
FN:18,(anonymous_8)
FN:18,(anonymous_9)
FN:44,(anonymous_10)
FN:44,(anonymous_11)
FN:85,(anonymous_12)
FN:85,(anonymous_13)
FN:115,(anonymous_14)
FN:115,(anonymous_15)
FN:145,(anonymous_16)
FN:145,(anonymous_17)
FNF:10
FNH:8
FNDA:5,(anonymous_8)
FNDA:5,(anonymous_9)
FNDA:3,(anonymous_10)
FNDA:3,(anonymous_11)
FNDA:1,(anonymous_12)
FNDA:1,(anonymous_13)
FNDA:1,(anonymous_14)
FNDA:1,(anonymous_15)
FNDA:0,(anonymous_16)
FNDA:0,(anonymous_17)
DA:3,2
DA:4,2
DA:5,2
DA:18,5
DA:19,5
DA:21,5
DA:24,5
DA:26,5
DA:27,1
DA:28,1
DA:32,4
DA:34,3
DA:35,3
DA:37,1
DA:38,1
DA:44,3
DA:46,3
DA:48,3
DA:49,3
DA:53,3
DA:54,1
DA:55,1
DA:59,2
DA:60,1
DA:64,1
DA:68,1
DA:70,1
DA:71,0
DA:72,0
DA:75,1
DA:76,1
DA:79,0
DA:80,0
DA:81,0
DA:85,2
DA:86,1
DA:87,1
DA:91,1
DA:92,1
DA:94,1
DA:99,1
DA:107,1
DA:109,0
DA:110,0
DA:111,0
DA:115,2
DA:116,1
DA:117,1
DA:118,1
DA:120,1
DA:125,1
DA:127,1
DA:130,0
DA:135,0
DA:137,0
DA:138,0
DA:139,0
DA:145,2
DA:146,0
DA:147,0
DA:148,0
DA:150,0
DA:151,0
DA:153,0
DA:156,0
DA:157,0
DA:158,0
DA:161,0
DA:162,0
DA:163,0
LF:70
LH:45
BRDA:24,0,0,1
BRDA:24,0,1,4
BRDA:24,1,0,5
BRDA:24,1,1,5
BRDA:26,2,0,1
BRDA:53,3,0,1
BRDA:59,4,0,1
BRDA:59,5,0,0
BRDA:59,5,1,2
BRDA:59,6,0,2
BRDA:59,6,1,2
BRDA:70,7,0,0
BRDA:125,8,0,1
BRDA:125,9,0,1
BRDA:125,9,1,1
BRDA:125,10,0,0
BRDA:125,10,1,1
BRDA:125,11,0,1
BRDA:125,11,1,1
BRDA:125,12,0,0
BRDA:125,12,1,1
BRDA:125,13,0,1
BRDA:125,13,1,1
BRDA:150,14,0,0
BRF:24
BRH:19
end_of_record
TN:
SF:src/middleware/events-middleware.ts
FN:10,(anonymous_7)
FN:10,(anonymous_8)
FNF:2
FNH:0
FNDA:0,(anonymous_7)
FNDA:0,(anonymous_8)
DA:3,2
DA:10,2
DA:11,0
DA:12,0
DA:14,0
DA:19,0
DA:20,0
DA:21,0
DA:24,0
DA:25,0
DA:27,0
DA:28,0
LF:12
LH:2
BRDA:19,0,0,0
BRDA:19,1,0,0
BRDA:19,1,1,0
BRDA:19,2,0,0
BRDA:19,2,1,0
BRDA:19,3,0,0
BRDA:19,3,1,0
BRDA:24,4,0,0
BRDA:24,4,1,0
BRDA:24,5,0,0
BRDA:24,5,1,0
BRF:11
BRH:0
end_of_record
TN:
SF:src/middleware/user-middleware.ts
FN:11,(anonymous_7)
FN:11,(anonymous_8)
FN:40,(anonymous_9)
FN:40,(anonymous_10)
FN:58,(anonymous_11)
FN:60,(anonymous_12)
FN:60,(anonymous_13)
FNF:7
FNH:1
FNDA:0,(anonymous_7)
FNDA:0,(anonymous_8)
FNDA:0,(anonymous_9)
FNDA:0,(anonymous_10)
FNDA:34,(anonymous_11)
FNDA:0,(anonymous_12)
FNDA:0,(anonymous_13)
DA:2,2
DA:11,2
DA:12,0
DA:13,0
DA:14,0
DA:16,0
DA:17,0
DA:19,0
DA:22,0
DA:24,0
DA:25,0
DA:26,0
DA:29,0
DA:31,0
DA:34,0
DA:35,0
DA:36,0
DA:40,2
DA:41,0
DA:42,0
DA:44,0
DA:45,0
DA:46,0
DA:49,0
DA:51,0
DA:52,0
DA:53,0
DA:58,2
DA:60,34
DA:61,0
DA:62,0
DA:64,0
DA:66,0
DA:67,0
DA:68,0
DA:71,0
DA:73,0
DA:74,0
DA:75,0
LF:39
LH:5
BRDA:16,0,0,0
BRDA:24,1,0,0
BRDA:44,2,0,0
BRDA:44,3,0,0
BRDA:44,3,1,0
BRDA:66,4,0,0
BRDA:66,5,0,0
BRDA:66,5,1,0
BRF:8
BRH:0
end_of_record
TN:
SF:src/middleware/userAuth-middleware.ts
FN:23,(anonymous_8)
FN:23,(anonymous_9)
FN:49,(anonymous_10)
FN:49,(anonymous_11)
FN:95,(anonymous_12)
FN:95,(anonymous_13)
FN:115,(anonymous_14)
FN:115,(anonymous_15)
FN:144,(anonymous_16)
FN:144,(anonymous_17)
FNF:10
FNH:0
FNDA:0,(anonymous_8)
FNDA:0,(anonymous_9)
FNDA:0,(anonymous_10)
FNDA:0,(anonymous_11)
FNDA:0,(anonymous_12)
FNDA:0,(anonymous_13)
FNDA:0,(anonymous_14)
FNDA:0,(anonymous_15)
FNDA:0,(anonymous_16)
FNDA:0,(anonymous_17)
DA:2,2
DA:3,2
DA:4,2
DA:23,2
DA:24,0
DA:26,0
DA:29,0
DA:31,0
DA:32,0
DA:33,0
DA:37,0
DA:39,0
DA:40,0
DA:42,0
DA:43,0
DA:49,2
DA:51,0
DA:53,0
DA:54,0
DA:58,0
DA:59,0
DA:60,0
DA:63,0
DA:66,0
DA:67,0
DA:71,0
DA:73,0
DA:74,0
DA:76,0
DA:79,0
DA:83,0
DA:86,0
DA:89,0
DA:90,0
DA:91,0
DA:95,2
DA:96,0
DA:97,0
DA:99,0
DA:100,0
DA:102,0
DA:103,0
DA:106,0
DA:108,0
DA:109,0
DA:110,0
DA:115,2
DA:116,0
DA:117,0
DA:118,0
DA:120,0
DA:125,0
DA:127,0
DA:130,0
DA:135,0
DA:137,0
DA:138,0
DA:139,0
DA:144,2
DA:145,0
DA:147,0
DA:149,0
DA:152,0
DA:153,0
DA:155,0
DA:158,0
DA:159,0
DA:160,0
DA:163,0
DA:164,0
DA:165,0
LF:71
LH:8
BRDA:29,0,0,0
BRDA:29,0,1,0
BRDA:29,1,0,0
BRDA:29,1,1,0
BRDA:31,2,0,0
BRDA:58,3,0,0
BRDA:66,4,0,0
BRDA:66,4,1,0
BRDA:66,5,0,0
BRDA:66,5,1,0
BRDA:66,6,0,0
BRDA:66,6,1,0
BRDA:73,7,0,0
BRDA:73,7,1,0
BRDA:73,8,0,0
BRDA:73,8,1,0
BRDA:73,9,0,0
BRDA:73,9,1,0
BRDA:102,10,0,0
BRDA:102,11,0,0
BRDA:102,11,1,0
BRDA:102,12,0,0
BRDA:102,12,1,0
BRDA:125,13,0,0
BRDA:125,14,0,0
BRDA:125,14,1,0
BRDA:125,15,0,0
BRDA:125,15,1,0
BRDA:152,16,0,0
BRF:29
BRH:0
end_of_record
TN:
SF:src/routes/adminAuth-route.ts
FNF:0
FNH:0
DA:1,2
DA:2,2
DA:3,2
DA:5,2
DA:7,2
DA:8,2
DA:9,2
DA:13,2
LF:8
LH:8
BRF:0
BRH:0
end_of_record
TN:
SF:src/routes/article-route.ts
FNF:0
FNH:0
DA:1,2
DA:2,2
DA:3,2
DA:7,2
DA:10,2
DA:13,2
DA:19,2
DA:22,2
DA:25,2
DA:28,2
DA:31,2
DA:34,2
DA:37,2
DA:40,2
DA:43,2
DA:46,2
DA:49,2
DA:51,2
LF:18
LH:18
BRF:0
BRH:0
end_of_record
TN:
SF:src/routes/events-route.ts
FNF:0
FNH:0
DA:1,2
DA:3,2
DA:4,2
DA:5,2
DA:6,2
DA:10,2
DA:13,2
DA:16,2
DA:19,2
DA:22,2
DA:25,2
DA:28,2
DA:31,2
DA:34,2
DA:37,2
DA:40,2
DA:43,2
DA:45,2
LF:18
LH:18
BRF:0
BRH:0
end_of_record
TN:
SF:src/routes/programs-route.ts
FNF:0
FNH:0
DA:1,2
DA:3,2
DA:4,2
DA:6,2
DA:9,2
DA:12,2
DA:15,2
LF:7
LH:7
BRF:0
BRH:0
end_of_record
TN:
SF:src/routes/user-route.ts
FNF:0
FNH:0
DA:1,2
DA:2,2
DA:3,2
DA:6,2
DA:10,2
DA:13,2
DA:16,2
DA:19,2
DA:25,2
DA:28,2
DA:32,2
LF:11
LH:11
BRF:0
BRH:0
end_of_record
TN:
SF:src/routes/userAuth-route.ts
FNF:0
FNH:0
DA:1,2
DA:2,2
DA:3,2
DA:5,2
DA:7,2
DA:8,2
DA:9,2
DA:13,2
LF:8
LH:8
BRF:0
BRH:0
end_of_record
