TN:
SF:src/config/prismaClient.ts
FNF:0
FNH:0
DA:1,1
DA:2,1
LF:2
LH:2
BRF:0
BRH:0
end_of_record
TN:
SF:src/controllers/articles-controller.ts
FN:13,(anonymous_7)
FN:13,(anonymous_8)
FN:50,(anonymous_9)
FN:50,(anonymous_10)
FN:62,(anonymous_11)
FN:62,(anonymous_12)
FN:78,(anonymous_13)
FN:78,(anonymous_14)
FN:136,(anonymous_15)
FN:136,(anonymous_16)
FN:176,(anonymous_17)
FN:176,(anonymous_18)
FN:211,(anonymous_19)
FN:211,(anonymous_20)
FN:247,(anonymous_21)
FN:247,(anonymous_22)
FN:263,(anonymous_23)
FN:263,(anonymous_24)
FN:301,(anonymous_25)
FN:301,(anonymous_26)
FN:337,(anonymous_27)
FN:337,(anonymous_28)
FN:373,(anonymous_29)
FN:373,(anonymous_30)
FN:389,(anonymous_31)
FN:389,(anonymous_32)
FN:415,(anonymous_33)
FN:415,(anonymous_34)
FNF:28
FNH:0
FNDA:0,(anonymous_7)
FNDA:0,(anonymous_8)
FNDA:0,(anonymous_9)
FNDA:0,(anonymous_10)
FNDA:0,(anonymous_11)
FNDA:0,(anonymous_12)
FNDA:0,(anonymous_13)
FNDA:0,(anonymous_14)
FNDA:0,(anonymous_15)
FNDA:0,(anonymous_16)
FNDA:0,(anonymous_17)
FNDA:0,(anonymous_18)
FNDA:0,(anonymous_19)
FNDA:0,(anonymous_20)
FNDA:0,(anonymous_21)
FNDA:0,(anonymous_22)
FNDA:0,(anonymous_23)
FNDA:0,(anonymous_24)
FNDA:0,(anonymous_25)
FNDA:0,(anonymous_26)
FNDA:0,(anonymous_27)
FNDA:0,(anonymous_28)
FNDA:0,(anonymous_29)
FNDA:0,(anonymous_30)
FNDA:0,(anonymous_31)
FNDA:0,(anonymous_32)
FNDA:0,(anonymous_33)
FNDA:0,(anonymous_34)
DA:2,1
DA:13,1
DA:14,0
DA:17,0
DA:25,0
DA:26,0
DA:28,0
DA:29,0
DA:30,0
DA:32,0
DA:50,1
DA:51,0
DA:52,0
DA:54,0
DA:56,0
DA:57,0
DA:62,1
DA:63,0
DA:64,0
DA:65,0
DA:68,0
DA:69,0
DA:71,0
DA:72,0
DA:78,1
DA:79,0
DA:113,0
DA:126,0
DA:127,0
DA:128,0
DA:130,0
DA:131,0
DA:136,1
DA:137,0
DA:138,0
DA:154,0
DA:163,0
DA:164,0
DA:166,0
DA:167,0
DA:168,0
DA:176,1
DA:177,0
DA:178,0
DA:184,0
DA:193,0
DA:194,0
DA:195,0
DA:198,0
DA:200,0
DA:201,0
DA:203,0
DA:204,0
DA:206,0
DA:211,1
DA:214,0
DA:216,0
DA:217,0
DA:219,0
DA:224,0
DA:237,0
DA:239,0
DA:240,0
DA:242,0
DA:247,1
DA:248,0
DA:249,0
DA:250,0
DA:256,0
DA:258,0
DA:263,1
DA:264,0
DA:265,0
DA:271,0
DA:273,0
DA:275,0
DA:276,0
DA:277,0
DA:278,0
DA:279,0
DA:280,0
DA:281,0
DA:282,0
DA:283,0
DA:288,0
DA:293,0
DA:295,0
DA:296,0
DA:301,1
DA:302,0
DA:303,0
DA:308,0
DA:310,0
DA:325,0
DA:326,0
DA:328,0
DA:329,0
DA:330,0
DA:332,0
DA:337,1
DA:338,0
DA:339,0
DA:340,0
DA:342,0
DA:343,0
DA:344,0
DA:347,0
DA:351,0
DA:352,0
DA:353,0
DA:357,0
DA:364,0
DA:365,0
DA:367,0
DA:368,0
DA:373,1
DA:374,0
DA:375,0
DA:377,0
DA:381,0
DA:383,0
DA:384,0
DA:389,1
DA:390,0
DA:391,0
DA:393,0
DA:396,0
DA:397,0
DA:398,0
DA:401,0
DA:407,0
DA:409,0
DA:410,0
DA:415,1
DA:416,0
DA:417,0
DA:419,0
DA:423,0
DA:424,0
DA:425,0
DA:428,0
DA:435,0
DA:436,0
DA:437,0
DA:440,0
DA:447,0
DA:451,0
DA:453,0
DA:455,0
DA:456,0
LF:150
LH:15
BRDA:193,0,0,0
BRDA:228,1,0,0
BRDA:228,1,1,0
BRDA:228,2,0,0
BRDA:228,2,1,0
BRDA:229,3,0,0
BRDA:229,3,1,0
BRDA:275,4,0,0
BRDA:276,5,0,0
BRDA:277,6,0,0
BRDA:278,7,0,0
BRDA:279,8,0,0
BRDA:280,9,0,0
BRDA:281,10,0,0
BRDA:282,11,0,0
BRDA:283,12,0,0
BRDA:342,13,0,0
BRDA:342,14,0,0
BRDA:342,14,1,0
BRDA:351,15,0,0
BRDA:396,16,0,0
BRDA:396,17,0,0
BRDA:396,17,1,0
BRDA:423,18,0,0
BRDA:423,18,1,0
BRDA:423,19,0,0
BRDA:423,19,1,0
BRDA:423,20,0,0
BRDA:423,20,1,0
BRDA:435,21,0,0
BRF:30
BRH:0
end_of_record
